<?xml version="1.0" encoding="UTF-8"?>
<!-- Generated by org.testng.reporters.JUnitReportReporter -->
<testsuite hostname="DESKTOP-QMSQO3B" failures="0" tests="3" name="com.nxtgenai.automationsuite.RegisterDemo" time="25.882" errors="0" timestamp="2021-04-20T11:52:38 IST" skipped="0">
  <testcase classname="com.nxtgenai.automationsuite.RegisterDemo" name="navigateToRegisterDemo" time="3.024"/>
  <system-out/>
  <testcase classname="com.nxtgenai.automationsuite.RegisterDemo" name="registerDemo" time="21.817"/>
  <system-out/>
  <testcase classname="com.nxtgenai.automationsuite.RegisterDemo" name="validateSuccessfulMsg" time="1.041"/>
  <system-out/>
</testsuite> <!-- com.nxtgenai.automationsuite.RegisterDemo -->
