<?xml version="1.0" encoding="UTF-8"?>
<!-- Generated by org.testng.reporters.JUnitReportReporter -->
<testsuite hostname="DESKTOP-QMSQO3B" failures="0" tests="1" name="com.nxtgenai.automationsuite.HandlingTextBox" time="6.805" errors="0" timestamp="2021-04-20T11:05:42 IST" skipped="0">
  <testcase classname="com.nxtgenai.automationsuite.HandlingTextBox" name="handlingTextBox" time="6.805"/>
  <system-out/>
</testsuite> <!-- com.nxtgenai.automationsuite.HandlingTextBox -->
