<?xml version="1.0" encoding="UTF-8"?>
<!-- Generated by org.testng.reporters.JUnitReportReporter -->
<testsuite hostname="DESKTOP-QMSQO3B" failures="0" tests="1" name="com.nxtgenai.automationsuite.AutomationDemo" time="0.007" errors="0" timestamp="2021-04-20T10:55:36 IST" skipped="0">
  <testcase classname="com.nxtgenai.automationsuite.AutomationDemo" name="f" time="0.007"/>
  <system-out/>
</testsuite> <!-- com.nxtgenai.automationsuite.AutomationDemo -->
