<?xml version="1.0" encoding="UTF-8"?>
<!-- Generated by org.testng.reporters.JUnitReportReporter -->
<testsuite hostname="DESKTOP-QMSQO3B" failures="0" tests="1" name="com.nxtgenai.automationsuite.HandlingFramesName" time="9.403" errors="0" timestamp="2021-04-20T11:52:38 IST" skipped="0">
  <testcase classname="com.nxtgenai.automationsuite.HandlingFramesName" name="handlingFrames" time="9.403"/>
  <system-out/>
</testsuite> <!-- com.nxtgenai.automationsuite.HandlingFramesName -->
