<?xml version="1.0" encoding="UTF-8"?>
<!-- Generated by org.testng.reporters.JUnitReportReporter -->
<testsuite hostname="DESKTOP-QMSQO3B" failures="0" tests="1" name="com.nxtgenai.automationsuite.HandlingMultipleBrowser" time="22.643" errors="0" timestamp="2021-04-20T11:52:38 IST" skipped="0">
  <testcase classname="com.nxtgenai.automationsuite.HandlingMultipleBrowser" name="handlingMutipleBrowser" time="22.643"/>
  <system-out/>
</testsuite> <!-- com.nxtgenai.automationsuite.HandlingMultipleBrowser -->
