<?xml version="1.0" encoding="UTF-8"?>
<!-- Generated by org.testng.reporters.JUnitReportReporter -->
<testsuite hostname="DESKTOP-QMSQO3B" failures="0" tests="1" name="automationsuite.RegisterDemo" time="1.703" errors="0" timestamp="2021-04-19T21:51:59 IST" skipped="0">
  <testcase classname="automationsuite.RegisterDemo" name="navigateToRegisterDemo" time="1.703"/>
  <system-out>
Navigated to Register Demo Page  </system-out>
</testsuite> <!-- automationsuite.RegisterDemo -->
