<?xml version="1.0" encoding="UTF-8"?>
<!-- Generated by org.testng.reporters.JUnitReportReporter -->
<testsuite hostname="DESKTOP-QMSQO3B" failures="0" tests="1" name="com.nxtgenai.automationsuite.HandlingMultipleTabs" time="27.054" errors="0" timestamp="2021-04-20T11:52:38 IST" skipped="0">
  <testcase classname="com.nxtgenai.automationsuite.HandlingMultipleTabs" name="handlingMutipleTabs" time="27.054"/>
  <system-out/>
</testsuite> <!-- com.nxtgenai.automationsuite.HandlingMultipleTabs -->
