<?xml version="1.0" encoding="UTF-8"?>
<!-- Generated by org.testng.reporters.JUnitReportReporter -->
<testsuite hostname="DESKTOP-QMSQO3B" failures="0" tests="3" name="automationsuite.RegisterDemo" time="9.209" errors="0" timestamp="2021-04-20T09:12:09 IST" skipped="0">
  <testcase classname="automationsuite.RegisterDemo" name="launchBrowser" time="7.516"/>
  <system-out/>
  <testcase classname="automationsuite.RegisterDemo" name="navigateToRegisterDemo" time="1.555"/>
  <system-out/>
  <testcase classname="automationsuite.RegisterDemo" name="closeApplication" time="0.138"/>
  <system-out/>
</testsuite> <!-- automationsuite.RegisterDemo -->
